"../../../Engine/Content/EditorBlueprintResources/ActorMacros.uasset" 0
"../../../Engine/Content/EditorBlueprintResources/StandardMacros.uasset" 1
"../../../../../../Users/Joel Knapp/Documents/Unreal Projects/GravityTest/Content/DirectionalGravity/Blueprints/GravityLogic/BP_GravityReceiver.uasset" 2
"../../../../../../Users/Joel Knapp/Documents/Unreal Projects/GravityTest/Content/DirectionalGravity/Blueprints/Helpers/BP_MathHelpers.uasset" 3
"../../../../../../Users/Joel Knapp/Documents/Unreal Projects/GravityTest/Content/DirectionalGravity/Materials/M_Base.uasset" 4
"../../../../../../Users/Joel Knapp/Documents/Unreal Projects/GravityTest/Content/DirectionalGravity/Materials/M_Cube.uasset" 5
"../../../../../../Users/Joel Knapp/Documents/Unreal Projects/GravityTest/Content/DirectionalGravity/Meshes/SM_Cube.uasset" 6
"../../../../../../Users/Joel Knapp/Documents/Unreal Projects/GravityTest/Content/DirectionalGravity/Blueprints/SceneObjects/BP_InteractiveObject.uasset" 7
"../../../../../../Users/Joel Knapp/Documents/Unreal Projects/GravityTest/Content/DirectionalGravity/Blueprints/Helpers/PM_CharacterSlide.uasset" 8
"../../../../../../Users/Joel Knapp/Documents/Unreal Projects/GravityTest/Content/DirectionalGravity/Blueprints/Helpers/PM_CharacterWalk.uasset" 9
"../../../../../../Users/Joel Knapp/Documents/Unreal Projects/GravityTest/Content/DirectionalGravity/Blueprints/GravityLogic/BP_GravityCharacterBase.uasset" 10
"../../../../../../Users/Joel Knapp/Documents/Unreal Projects/GravityTest/Content/DirectionalGravity/Blueprints/GravityLogic/BP_GravityCharacterFP.uasset" 11
"../../../Engine/Content/Functions/Engine_MaterialFunctions01/Opacity/CameraDepthFade.uasset" 12
"../../../Engine/Content/EngineMaterials/T_Default_Material_Grid_M.uasset" 13
"../../../Engine/Content/EngineMaterials/T_Default_Material_Grid_N.uasset" 14
"../../../Engine/Content/EngineMaterials/WorldGridMaterial.uasset" 15
"../../../Engine/Content/ArtTools/RenderToTexture/Meshes/S_1_Unit_Plane.uasset" 16
"../../../Engine/Content/EngineMaterials/DefaultMaterial.uasset" 17
"../../../Engine/Content/BasicShapes/Cone.uasset" 18
"../../../Engine/Content/BasicShapes/Cube.uasset" 19
"../../../Engine/Content/BasicShapes/Cylinder.uasset" 20
"../../../Engine/Content/BasicShapes/Plane.uasset" 21
"../../../Engine/Content/BasicShapes/Sphere.uasset" 22
"../../../Engine/Content/EditorLandscapeResources/DataLayer.uasset" 23
"../../../Engine/Content/EditorMaterials/GizmoMaterial.uasset" 24
"../../../Engine/Content/EditorMaterials/MAT_Groups_Toggle.uasset" 25
"../../../Engine/Content/EditorMaterials/MAT_Groups_Visibility.uasset" 26
"../../../Engine/Content/EditorMaterials/PreviewShadowIndicator.uasset" 27
"../../../Engine/Content/EditorMaterials/PreviewShadowIndicatorMaterial.uasset" 28
"../../../Engine/Content/EditorMaterials/MatineeGroups/MAT_ColorTrack.uasset" 29
"../../../Engine/Content/EditorMaterials/MatineeGroups/MAT_Groups_Anim.uasset" 30
"../../../Engine/Content/EditorMaterials/MatineeGroups/MAT_Groups_AudioMaster.uasset" 31
"../../../Engine/Content/EditorMaterials/MatineeGroups/MAT_Groups_Director.uasset" 32
"../../../Engine/Content/EditorMaterials/MatineeGroups/MAT_Groups_Event.uasset" 33
"../../../Engine/Content/EditorMaterials/MatineeGroups/MAT_Groups_Fade.uasset" 34
"../../../Engine/Content/EditorMaterials/MatineeGroups/MAT_Groups_Float.uasset" 35
"../../../Engine/Content/EditorMaterials/MatineeGroups/MAT_Groups_Move.uasset" 36
"../../../Engine/Content/EditorMaterials/MatineeGroups/MAT_Groups_Slomo.uasset" 37
"../../../Engine/Content/EditorMaterials/MatineeGroups/MAT_Groups_Sound.uasset" 38
"../../../Engine/Content/EditorMaterials/MatineeGroups/MAT_Groups_Vector.uasset" 39
"../../../Engine/Content/EditorMaterials/ParticleSystems/PSysThumbnail_NoImage.uasset" 40
"../../../Engine/Content/EditorMaterials/ParticleSystems/PSysThumbnail_OOD.uasset" 41
"../../../Engine/Content/EditorMaterials/Camera/CineMat.uasset" 42
"../../../Engine/Content/EditorMaterials/Camera/MI_CineMat_Rig.uasset" 43
"../../../Engine/Content/EditorMeshes/Camera/SM_CraneRig_Arm.uasset" 44
"../../../Engine/Content/EditorMeshes/Camera/SM_CraneRig_Base.uasset" 45
"../../../Engine/Content/EditorMeshes/Camera/SM_CraneRig_Body.uasset" 46
"../../../Engine/Content/EditorMeshes/Camera/SM_CraneRig_Mount.uasset" 47
"../../../Engine/Content/EditorMeshes/Camera/SM_RailRig_Mount.uasset" 48
"../../../Engine/Content/EditorMeshes/Camera/SM_RailRig_Track.uasset" 49
"../../../Engine/Content/EditorResources/BSPVertex.uasset" 50
"../../../Engine/Content/EditorResources/EmptyActor.uasset" 51
"../../../Engine/Content/EditorResources/S_Actor.uasset" 52
"../../../Engine/Content/EditorResources/S_Trigger.uasset" 53
"../../../Engine/Content/EditorResources/LightIcons/S_LightError.uasset" 54
"../../../Engine/Content/EditorResources/SequenceRecorder/Countdown.uasset" 55
"../../../Engine/Content/EditorResources/SequenceRecorder/RecordingIndicator.uasset" 56
"../../../Engine/Content/EditorSounds/Notifications/CompileFailed.uasset" 57
"../../../Engine/Content/EditorSounds/Notifications/CompileFailed_Cue.uasset" 58
"../../../Engine/Content/EditorSounds/Notifications/CompileSuccess.uasset" 59
"../../../Engine/Content/EditorSounds/Notifications/CompileStart_Cue.uasset" 60
"../../../Engine/Content/EditorSounds/Notifications/CompileSuccess_Cue.uasset" 61
"../../../Engine/Content/EngineDamageTypes/DmgTypeBP_Environmental.uasset" 62
"../../../Engine/Content/EngineDebugMaterials/HeatmapGradient.uasset" 63
"../../../Engine/Content/EngineDebugMaterials/BoneWeightMaterial.uasset" 64
"../../../Engine/Content/EngineDebugMaterials/ClothMaterial.uasset" 65
"../../../Engine/Content/EngineDebugMaterials/ClothMaterial_WF.uasset" 66
"../../../Engine/Content/EngineDebugMaterials/DebugEditorMaterial.uasset" 67
"../../../Engine/Content/EngineDebugMaterials/DebugMeshMaterial.uasset" 68
"../../../Engine/Content/EngineDebugMaterials/GeomMaterial.uasset" 69
"../../../Engine/Content/EngineDebugMaterials/M_SimpleTranslucent.uasset" 70
"../../../Engine/Content/EngineFonts/Faces/RobotoBold.uasset" 71
"../../../Engine/Content/EngineFonts/Faces/RobotoBoldItalic.uasset" 72
"../../../Engine/Content/EngineFonts/Faces/RobotoItalic.uasset" 73
"../../../Engine/Content/EngineFonts/Faces/RobotoLight.uasset" 74
"../../../Engine/Content/EngineFonts/Faces/RobotoRegular.uasset" 75
"../../../Engine/Content/EngineFonts/Roboto.uasset" 76
"../../../Engine/Content/EngineFonts/Faces/RobotoTiny.uasset" 77
"../../../Engine/Content/EngineFonts/RobotoTiny.uasset" 78
"../../../Engine/Content/EngineMaterials/BaseFlattenDiffuseMap.uasset" 79
"../../../Engine/Content/EngineMaterials/BaseFlattenEmissiveMap.uasset" 80
"../../../Engine/Content/EngineMaterials/BaseFlattenGrayscaleMap.uasset" 81
"../../../Engine/Content/EngineMaterials/BaseFlattenNormalMap.uasset" 82
"../../../Engine/Content/EngineMaterials/BaseFlattenMaterial.uasset" 83
"../../../Engine/Content/EngineMaterials/DefaultBloomKernel.uasset" 84
"../../../Engine/Content/EngineMaterials/DefaultBokeh.uasset" 85
"../../../Engine/Content/EngineMaterials/DefaultDiffuse.uasset" 86
"../../../Engine/Content/EngineMaterials/DefaultDeferredDecalMaterial.uasset" 87
"../../../Engine/Content/EngineMaterials/DefaultLightFunctionMaterial.uasset" 88
"../../../Engine/Content/EngineMaterials/DefaultPhysicalMaterial.uasset" 89
"../../../Engine/Content/Functions/Engine_MaterialFunctions02/Utility/BreakOutFloat2Components.uasset" 90
"../../../Engine/Content/EngineMaterials/DefaultPostProcessMaterial.uasset" 91
"../../../Engine/Content/EngineFonts/RobotoDistanceField.uasset" 92
"../../../Engine/Content/EngineMaterials/DefaultTextMaterialOpaque.uasset" 93
"../../../Engine/Content/EngineMaterials/DefaultWhiteGrid.uasset" 94
"../../../Engine/Content/EngineMaterials/EditorBrushMaterial.uasset" 95
"../../../Engine/Content/EngineMaterials/Good64x64TilingNoiseHighFreq.uasset" 96
"../../../Engine/Content/EngineMaterials/MiniFont.uasset" 97
"../../../Engine/Content/EngineMaterials/InvalidLightmapSettings.uasset" 98
"../../../Engine/Content/EngineMaterials/M_InvalidLightmapSettings.uasset" 99
"../../../Engine/Content/Functions/Engine_MaterialFunctions02/WorldPositionOffset/CameraOffset.uasset" 100
"../../../Engine/Content/EngineMaterials/PhAT_JointLimitMaterial.uasset" 101
"../../../Engine/Content/EngineMaterials/PreintegratedSkinBRDF.uasset" 102
"../../../Engine/Content/EngineMaterials/RemoveSurfaceMaterial.uasset" 103
"../../../Engine/Content/EngineMaterials/WeightMapPlaceholderTexture.uasset" 104
"../../../Engine/Content/EngineResources/WhiteSquareTexture.uasset" 105
"../../../Engine/Content/EngineMaterials/Widget3DPassThrough.uasset" 106
"../../../Engine/Content/EngineMaterials/Widget3DPassThrough_Masked.uasset" 107
"../../../Engine/Content/EngineMaterials/Widget3DPassThrough_Opaque.uasset" 108
"../../../Engine/Content/EngineMaterials/Widget3DPassThrough_Masked_OneSided.uasset" 109
"../../../Engine/Content/EngineMaterials/Widget3DPassThrough_Opaque_OneSided.uasset" 110
"../../../Engine/Content/EngineMaterials/Widget3DPassThrough_Translucent.uasset" 111
"../../../Engine/Content/EngineMaterials/Widget3DPassThrough_Translucent_OneSided.uasset" 112
"../../../Engine/Content/EngineMeshes/Cylinder.uasset" 113
"../../../Engine/Content/EngineMeshes/Sphere.uasset" 114
"../../../Engine/Content/EngineResources/Black.uasset" 115
"../../../Engine/Content/EngineResources/DefaultTexture.uasset" 116
"../../../Engine/Content/EngineResources/DefaultTextureCube.uasset" 117
"../../../Engine/Content/EngineResources/DefaultVolumeTexture2D.uasset" 118
"../../../Engine/Content/EngineResources/DefaultVolumeTexture.uasset" 119
"../../../Engine/Content/EngineResources/GradientTexture0.uasset" 120
"../../../Engine/Content/EngineSounds/Master.uasset" 121
"../../../Engine/Content/Functions/Engine_MaterialFunctions01/Shading/ConvertFromDiffSpec.uasset" 122
"../../../Engine/Content/Functions/Engine_MaterialFunctions01/Shading/PowerToRoughness.uasset" 123
"../../../Engine/Content/Maps/Templates/Thumbnails/Default.uasset" 124
"../../../Engine/Content/Maps/Templates/Thumbnails/VR-Basic.uasset" 125
"../../../Engine/Content/MobileResources/T_MobileControls_texture.uasset" 126
"../../../Engine/Content/MobileResources/T_MobileMenu2.uasset" 127
"../../../Engine/Content/MobileResources/HUD/AnalogHat.uasset" 128
"../../../Engine/Content/MobileResources/HUD/VirtualJoystick_Background.uasset" 129
"../../../Engine/Content/MobileResources/HUD/VirtualJoystick_Thumb.uasset" 130
"../../../Engine/Content/MobileResources/HUD/DefaultVirtualJoysticks.uasset" 131
"../../../Engine/Content/MobileResources/HUD/LeftVirtualJoystickOnly.uasset" 132
"../../../Engine/Content/MobileResources/HUD/MobileHUDButton1_off.uasset" 133
"../../../Engine/Content/MobileResources/HUD/MobileHUDButton1_on.uasset" 134
"../../../Engine/Content/MobileResources/HUD/MobileHUDButton2_off.uasset" 135
"../../../Engine/Content/MobileResources/HUD/MobileHUDButton2_on.uasset" 136
"../../../Engine/Content/MobileResources/HUD/MobileHUDButton3.uasset" 137
"../../../Engine/Content/MobileResources/HUD/MobileHUDButtonFire.uasset" 138
"../../../Engine/Content/MobileResources/HUD/MobileHUDDirectionPad.uasset" 139
"../../../Engine/Content/MobileResources/HUD/MobileHUDDirectionPad2.uasset" 140
"../../../Engine/Content/MobileResources/HUD/MobileHUDDirectionPad3.uasset" 141
"../../../Engine/Content/MobileResources/HUD/MobileHUDDirectionStick.uasset" 142
"../../../Engine/Content/MobileResources/HUD/T_Castle_ThumbstickInner.uasset" 143
"../../../Engine/Content/MobileResources/HUD/T_Castle_ThumbstickOutter.uasset" 144
"../../../Engine/Content/Tutorial/ContentIntroCurve.uasset" 145
"../../../Engine/Content/Tutorial/Basics/TutorialAssets/CameraActor_64x.uasset" 146
"../../../Engine/Content/Tutorial/Basics/TutorialAssets/icon_tab_Levels_40x.uasset" 147
"../../../Engine/Content/Tutorial/BlueprintTutorials/TutorialAssets/Blueprint_64x.uasset" 148
"../../../Engine/Content/Tutorial/Landscape/TutorialAssets/Landscape.uasset" 149
"../../../Engine/Content/VREditor/LaserPointer/VR_LaserPower_01.uasset" 150
"../../../Engine/Content/VREditor/TransformGizmo/TransformGizmoMaterial.uasset" 151
"../../../Engine/Content/VREditor/TransformGizmo/TranslucentTransformGizmoMaterial.uasset" 152
"../../../Engine/Content/VREditor/TransformGizmo/BoundingBoxCorner.uasset" 153
"../../../Engine/Content/VREditor/TransformGizmo/BoundingBoxEdge.uasset" 154
"../../../Engine/Content/VREditor/TransformGizmo/PlaneTranslationHandle.uasset" 155
"../../../Engine/Content/VREditor/TransformGizmo/Main.uasset" 156
"../../../Engine/Content/VREditor/TransformGizmo/Xray.uasset" 157
"../../../Engine/Content/VREditor/TransformGizmo/SM_Sequencer_Key.uasset" 158
"../../../Engine/Content/VREditor/TransformGizmo/SM_Sequencer_Node.uasset" 159
"../../Plugins/2D/Paper2D/Content/PlaceholderTextures/DummySpriteTexture.uasset" 160
"../../Plugins/2D/Paper2D/Content/DummySprite.uasset" 161
"../../Plugins/2D/Paper2D/Content/DefaultPaperTerrainMaterial.uasset" 162
"../../Plugins/2D/Paper2D/Content/DefaultSpriteMaterial.uasset" 163
"../../Plugins/2D/Paper2D/Content/MaskedUnlitSpriteMaterial.uasset" 164
"../../Plugins/2D/Paper2D/Content/OpaqueUnlitSpriteMaterial.uasset" 165
"../../Plugins/Runtime/Oculus/OculusVR/Content/Materials/PokeAHoleMaterial.uasset" 166
"../../Plugins/Runtime/Oculus/OculusVR/Content/Textures/GearVRController_AO.uasset" 167
"../../Plugins/Runtime/Oculus/OculusVR/Content/Textures/GearVRController_Color.uasset" 168
"../../Plugins/Runtime/Oculus/OculusVR/Content/Textures/GearVRController_Normal.uasset" 169
"../../Plugins/Runtime/Oculus/OculusVR/Content/Materials/GearVRControllerMaterial.uasset" 170
"../../Plugins/Runtime/Oculus/OculusVR/Content/Meshes/GearVrController.uasset" 171
"../../Plugins/Runtime/Oculus/OculusVR/Content/Textures/touchController_albedo.uasset" 172
"../../Plugins/Runtime/Oculus/OculusVR/Content/Textures/touchController_controlmap.uasset" 173
"../../Plugins/Runtime/Oculus/OculusVR/Content/Materials/touchController_mat.uasset" 174
"../../Plugins/Runtime/Oculus/OculusVR/Content/Meshes/LeftTouchController.uasset" 175
"../../Plugins/Runtime/Oculus/OculusVR/Content/Meshes/RiftHMD.uasset" 176
"../../Plugins/Runtime/Oculus/OculusVR/Content/Meshes/RightTouchController.uasset" 177
"../../../../../../Users/Joel Knapp/Documents/Unreal Projects/GravityTest/Content/Blueprints/NetworkWidget.uasset" 178
"../../../../../../Users/Joel Knapp/Documents/Unreal Projects/GravityTest/Content/Blueprints/MainMenuHUD.uasset" 179
"../../../../../../Users/Joel Knapp/Documents/Unreal Projects/GravityTest/Content/Blueprints/MainMenuGameMode.uasset" 180
"../../../../../../Users/Joel Knapp/Documents/Unreal Projects/GravityTest/Content/MainMenu_BuiltData.uasset" 181
"../../../../../../Users/Joel Knapp/Documents/Unreal Projects/GravityTest/Content/MainMenu.umap" 182
"../../../../../../Users/Joel Knapp/Documents/Unreal Projects/GravityTest/Content/DirectionalGravity/Blueprints/GravityLogic/BP_GravityVolumeBase.uasset" 183
"../../../Engine/Content/EngineSky/C_Sky_Cloud_Color.uasset" 184
"../../../Engine/Content/EngineSky/C_Sky_Horizon_Color.uasset" 185
"../../../Engine/Content/EngineSky/C_Sky_Zenith_Color.uasset" 186
"../../../Engine/Content/EngineSky/T_Sky_Blue.uasset" 187
"../../../Engine/Content/EngineSky/T_Sky_Clouds_M.uasset" 188
"../../../Engine/Content/EngineSky/T_Sky_Stars.uasset" 189
"../../../Engine/Content/EngineSky/M_Sky_Panning_Clouds2.uasset" 190
"../../../Engine/Content/EngineSky/SM_SkySphere.uasset" 191
"../../../Engine/Content/EngineSky/BP_Sky_Sphere.uasset" 192
"../../../../../../Users/Joel Knapp/Documents/Unreal Projects/GravityTest/Content/DirectionalGravity/Mannequin/Character/Mesh/UE4_Mannequin_Skeleton.uasset" 193
"../../../../../../Users/Joel Knapp/Documents/Unreal Projects/GravityTest/Content/DirectionalGravity/Mannequin/Animations/ThirdPerson_Jump.uasset" 194
"../../../../../../Users/Joel Knapp/Documents/Unreal Projects/GravityTest/Content/DirectionalGravity/Mannequin/Animations/ThirdPersonJump_Loop.uasset" 195
"../../../../../../Users/Joel Knapp/Documents/Unreal Projects/GravityTest/Content/DirectionalGravity/Mannequin/Animations/ThirdPersonJump_Start.uasset" 196
"../../../../../../Users/Joel Knapp/Documents/Unreal Projects/GravityTest/Content/DirectionalGravity/Mannequin/Animations/ThirdPersonIdle.uasset" 197
"../../../../../../Users/Joel Knapp/Documents/Unreal Projects/GravityTest/Content/DirectionalGravity/Mannequin/Animations/ThirdPersonRun.uasset" 198
"../../../../../../Users/Joel Knapp/Documents/Unreal Projects/GravityTest/Content/DirectionalGravity/Mannequin/Animations/ThirdPersonWalk.uasset" 199
"../../../../../../Users/Joel Knapp/Documents/Unreal Projects/GravityTest/Content/DirectionalGravity/Mannequin/Animations/ThirdPerson_IdleRun_2D.uasset" 200
"../../../../../../Users/Joel Knapp/Documents/Unreal Projects/GravityTest/Content/DirectionalGravity/Mannequin/Animations/ThirdPerson_AnimBP.uasset" 201
"../../../Engine/Content/Functions/Engine_MaterialFunctions02/Utility/BlendAngleCorrectedNormals.uasset" 202
"../../../Engine/Content/Functions/MaterialLayerFunctions/MatLayerBlend_NormalBlend.uasset" 203
"../../../Engine/Content/Functions/MaterialLayerFunctions/MatLayerBlend_Simple.uasset" 204
"../../../../../../Users/Joel Knapp/Documents/Unreal Projects/GravityTest/Content/DirectionalGravity/Mannequin/Character/Materials/MaterialLayers/T_ML_Rubber_Blue_01_D.uasset" 205
"../../../../../../Users/Joel Knapp/Documents/Unreal Projects/GravityTest/Content/DirectionalGravity/Mannequin/Character/Materials/MaterialLayers/T_ML_Rubber_Blue_01_N.uasset" 206
"../../../../../../Users/Joel Knapp/Documents/Unreal Projects/GravityTest/Content/DirectionalGravity/Mannequin/Character/Materials/MaterialLayers/ML_GlossyBlack_Latex_UE4.uasset" 207
"../../../../../../Users/Joel Knapp/Documents/Unreal Projects/GravityTest/Content/DirectionalGravity/Mannequin/Character/Materials/MaterialLayers/ML_Plastic_Shiny_Beige.uasset" 208
"../../../../../../Users/Joel Knapp/Documents/Unreal Projects/GravityTest/Content/DirectionalGravity/Mannequin/Character/Textures/UE4_LOGO_CARD.uasset" 209
"../../../../../../Users/Joel Knapp/Documents/Unreal Projects/GravityTest/Content/DirectionalGravity/Mannequin/Character/Materials/MaterialLayers/ML_Plastic_Shiny_Beige_LOGO.uasset" 210
"../../../../../../Users/Joel Knapp/Documents/Unreal Projects/GravityTest/Content/DirectionalGravity/Mannequin/Character/Materials/MaterialLayers/T_ML_Aluminum01.uasset" 211
"../../../../../../Users/Joel Knapp/Documents/Unreal Projects/GravityTest/Content/DirectionalGravity/Mannequin/Character/Materials/MaterialLayers/T_ML_Aluminum01_N.uasset" 212
"../../../../../../Users/Joel Knapp/Documents/Unreal Projects/GravityTest/Content/DirectionalGravity/Mannequin/Character/Materials/MaterialLayers/ML_SoftMetal_UE4.uasset" 213
"../../../../../../Users/Joel Knapp/Documents/Unreal Projects/GravityTest/Content/DirectionalGravity/Mannequin/Character/Textures/UE4_Mannequin__normals.uasset" 214
"../../../../../../Users/Joel Knapp/Documents/Unreal Projects/GravityTest/Content/DirectionalGravity/Mannequin/Character/Textures/UE4_Mannequin_MAT_MASKA.uasset" 215
"../../../../../../Users/Joel Knapp/Documents/Unreal Projects/GravityTest/Content/DirectionalGravity/Mannequin/Character/Materials/M_UE4Man_Body.uasset" 216
"../../../../../../Users/Joel Knapp/Documents/Unreal Projects/GravityTest/Content/DirectionalGravity/Mannequin/Character/Textures/UE4Man_Logo_N.uasset" 217
"../../../../../../Users/Joel Knapp/Documents/Unreal Projects/GravityTest/Content/DirectionalGravity/Mannequin/Character/Materials/M_UE4Man_ChestLogo.uasset" 218
"../../../../../../Users/Joel Knapp/Documents/Unreal Projects/GravityTest/Content/DirectionalGravity/Mannequin/Character/Mesh/SK_Mannequin_PhysicsAsset.uasset" 219
"../../../../../../Users/Joel Knapp/Documents/Unreal Projects/GravityTest/Content/DirectionalGravity/Mannequin/Character/Mesh/SK_Mannequin.uasset" 220
"../../../../../../Users/Joel Knapp/Documents/Unreal Projects/GravityTest/Content/DirectionalGravity/Blueprints/GravityLogic/BP_GravityCharacterTP.uasset" 221
"../../../../../../Users/Joel Knapp/Documents/Unreal Projects/GravityTest/Content/DirectionalGravity/Blueprints/DirectionalGravityGameMode.uasset" 222
"../../../../../../Users/Joel Knapp/Documents/Unreal Projects/GravityTest/Content/DirectionalGravity/Blueprints/SceneObjects/BP_GravityVolumeBox.uasset" 223
"../../../../../../Users/Joel Knapp/Documents/Unreal Projects/GravityTest/Content/DirectionalGravity/Blueprints/SceneObjects/BP_GravityVolumeSpherical.uasset" 224
"../../../../../../Users/Joel Knapp/Documents/Unreal Projects/GravityTest/Content/DirectionalGravity/Maps/DemoMap_BuiltData.uasset" 225
"../../../Engine/Content/Functions/Engine_MaterialFunctions01/Gradient/LinearGradient.uasset" 226
"../../../Engine/Content/Functions/Engine_MaterialFunctions01/ImageAdjustment/CheapContrast.uasset" 227
"../../../Engine/Content/Functions/Engine_MaterialFunctions01/Texturing/WorldAlignedTexture.uasset" 228
"../../../Engine/Content/Functions/Engine_MaterialFunctions02/Utility/VectorLength.uasset" 229
"../../../Engine/Content/Functions/Engine_MaterialFunctions02/WorldPositionOffset/ObjectScale.uasset" 230
"../../../../../../Users/Joel Knapp/Documents/Unreal Projects/GravityTest/Content/DirectionalGravity/Textures/T_Grid.uasset" 231
"../../../../../../Users/Joel Knapp/Documents/Unreal Projects/GravityTest/Content/DirectionalGravity/Materials/M_Grid.uasset" 232
"../../../../../../Users/Joel Knapp/Documents/Unreal Projects/GravityTest/Content/DirectionalGravity/Materials/M_GridFloor1.uasset" 233
"../../../../../../Users/Joel Knapp/Documents/Unreal Projects/GravityTest/Content/DirectionalGravity/Materials/M_GridFloor2.uasset" 234
"../../../../../../Users/Joel Knapp/Documents/Unreal Projects/GravityTest/Content/DirectionalGravity/Materials/M_GridWall.uasset" 235
"../../../../../../Users/Joel Knapp/Documents/Unreal Projects/GravityTest/Content/DirectionalGravity/Meshes/SM_Hemisphere.uasset" 236
"../../../../../../Users/Joel Knapp/Documents/Unreal Projects/GravityTest/Content/DirectionalGravity/Meshes/SM_Planet.uasset" 237
"../../../../../../Users/Joel Knapp/Documents/Unreal Projects/GravityTest/Content/DirectionalGravity/Maps/DemoMap.umap" 238
"../../../Engine/Content/Maps/Entry_BuiltData.uasset" 239
"../../../Engine/Content/Maps/Entry.umap" 240
